<?xml version="1.0" encoding="UTF-8"?>
<!-- Generated by org.testng.reporters.JUnitXMLReporter -->
<testsuite hostname="andres-paolini-mbp" ignored="0" name="Command line test" tests="2" failures="1" timestamp="23 Jun 2017 15:35:32 GMT" time="6.074" errors="0">
  <testcase name="sampleRunToFail" time="3.518" classname="test.mainTest">
    <failure type="java.lang.AssertionError" message="test string does not display properly expected [bad input] but found [examen]">
      <![CDATA[java.lang.AssertionError: test string does not display properly expected [bad input] but found [examen]
	at test.mainTest.sampleRunToFail(mainTest.java:16)
... Removed 39 stack frames]]>
    </failure>
  </testcase> <!-- sampleRunToFail -->
  <testcase name="sampleRunToPass" time="1.336" classname="test.mainTest"/>
</testsuite> <!-- Command line test -->
