<?xml version="1.0" encoding="UTF-8"?>
<testng-results skipped="0" failed="0" ignored="0" total="1" passed="1">
  <reporter-output>
  </reporter-output>
  <suite name="test.mainTest" duration-ms="4845" started-at="2017-06-22T18:39:38Z" finished-at="2017-06-22T18:39:43Z">
    <groups>
    </groups>
    <test name="Command line test" duration-ms="4845" started-at="2017-06-22T18:39:38Z" finished-at="2017-06-22T18:39:43Z">
      <class name="test.mainTest">
        <test-method status="PASS" signature="beforeTest()[pri:0, instance:test.mainTest@26ba2a48]" name="beforeTest" is-config="true" duration-ms="1211" started-at="2017-06-22T14:39:38Z" finished-at="2017-06-22T14:39:39Z">
          <reporter-output>
          </reporter-output>
        </test-method> <!-- beforeTest -->
        <test-method status="PASS" signature="sampleRunToPass()[pri:0, instance:test.mainTest@26ba2a48]" name="sampleRunToPass" duration-ms="3549" started-at="2017-06-22T14:39:39Z" finished-at="2017-06-22T14:39:43Z">
          <reporter-output>
          </reporter-output>
        </test-method> <!-- sampleRunToPass -->
        <test-method status="PASS" signature="afterTest()[pri:0, instance:test.mainTest@26ba2a48]" name="afterTest" is-config="true" duration-ms="73" started-at="2017-06-22T14:39:43Z" finished-at="2017-06-22T14:39:43Z">
          <reporter-output>
          </reporter-output>
        </test-method> <!-- afterTest -->
      </class> <!-- test.mainTest -->
    </test> <!-- Command line test -->
  </suite> <!-- test.mainTest -->
</testng-results>
